Build started 12/9/2015 1:20:02 PM.
     1>Project "C:\Python27\Command-Texting-QuadCopter\AE483GroundStation\AE483GroundStation\AE483GroundStation.vcxproj" on node 2 (build target(s)).
       Project file contains ToolsVersion="12.0". This toolset may be unknown or missing, in which case you may be able to resolve this by installing the appropriate version of MSBuild, or the build may have been forced to a particular ToolsVersion for policy reasons. Treating the project as if it had ToolsVersion="4.0". For more information, please see http://go.microsoft.com/fwlink/?LinkId=291333.
     1>InitializeBuildStatus:
         Creating "Debug\AE483GroundStation.unsuccessfulbuild" because "AlwaysCreate" was specified.
       ClCompile:
         c:\Program Files (x86)\Microsoft Visual Studio 10.0\VC\bin\CL.exe /c /ZI /nologo /W3 /WX- /Od /Oy- /D WIN32 /D _DEBUG /D _CONSOLE /D _LIB /D _CRT_SECURE_NO_WARNINGS /D _UNICODE /D UNICODE /Gm /EHsc /RTC1 /MDd /GS /fp:precise /Zc:wchar_t /Zc:forScope /Fo"Debug\\" /Fd"Debug\vc100.pdb" /Gd /TC /analyze- /errorReport:prompt planner.c
         planner.c
     1>c:\python27\command-texting-quadcopter\ae483groundstation\ae483groundstation\planner.c(39): warning C4305: 'initializing' : truncation from 'double' to 'float'
     1>c:\python27\command-texting-quadcopter\ae483groundstation\ae483groundstation\planner.c(40): warning C4305: 'initializing' : truncation from 'double' to 'float'
     1>c:\python27\command-texting-quadcopter\ae483groundstation\ae483groundstation\planner.c(45): warning C4305: 'initializing' : truncation from 'double' to 'float'
     1>c:\python27\command-texting-quadcopter\ae483groundstation\ae483groundstation\planner.c(48): warning C4305: 'initializing' : truncation from 'double' to 'float'
     1>c:\python27\command-texting-quadcopter\ae483groundstation\ae483groundstation\planner.c(223): warning C4244: '=' : conversion from 'double' to 'float', possible loss of data
     1>c:\python27\command-texting-quadcopter\ae483groundstation\ae483groundstation\planner.c(245): warning C4244: '=' : conversion from 'double' to 'float', possible loss of data
     1>c:\python27\command-texting-quadcopter\ae483groundstation\ae483groundstation\planner.c(272): warning C4244: '=' : conversion from 'double' to 'float', possible loss of data
       ManifestResourceCompile:
         All outputs are up-to-date.
       Link:
         c:\Program Files (x86)\Microsoft Visual Studio 10.0\VC\bin\link.exe /ERRORREPORT:PROMPT /OUT:"C:\Python27\Command-Texting-QuadCopter\AE483GroundStation\Debug\AE483GroundStation.exe" /INCREMENTAL /NOLOGO ftd2xx.lib ws2_32.lib kernel32.lib user32.lib gdi32.lib winspool.lib comdlg32.lib advapi32.lib shell32.lib ole32.lib oleaut32.lib uuid.lib odbc32.lib odbccp32.lib /MANIFEST /ManifestFile:"Debug\AE483GroundStation.exe.intermediate.manifest" /MANIFESTUAC:"level='asInvoker' uiAccess='false'" /DEBUG /PDB:"C:\Python27\Command-Texting-QuadCopter\AE483GroundStation\Debug\AE483GroundStation.pdb" /SUBSYSTEM:CONSOLE /TLBID:1 /DYNAMICBASE /NXCOMPAT /IMPLIB:"C:\Python27\Command-Texting-QuadCopter\AE483GroundStation\Debug\AE483GroundStation.lib" /MACHINE:X86 Debug\AE483GroundStation.exe.embed.manifest.res
         Debug\asctecCommIntf.obj
         Debug\main.obj
         Debug\planner.obj
       Manifest:
         C:\Program Files (x86)\Microsoft SDKs\Windows\v7.0A\bin\mt.exe /nologo /verbose /out:"Debug\AE483GroundStation.exe.embed.manifest" /manifest Debug\AE483GroundStation.exe.intermediate.manifest
         All outputs are up-to-date.
       LinkEmbedManifest:
         All outputs are up-to-date.
         AE483GroundStation.vcxproj -> C:\Python27\Command-Texting-QuadCopter\AE483GroundStation\Debug\AE483GroundStation.exe
       FinalizeBuildStatus:
         Deleting file "Debug\AE483GroundStation.unsuccessfulbuild".
         Touching "Debug\AE483GroundStation.lastbuildstate".
     1>Done Building Project "C:\Python27\Command-Texting-QuadCopter\AE483GroundStation\AE483GroundStation\AE483GroundStation.vcxproj" (build target(s)).

Build succeeded.

Time Elapsed 00:00:00.77
